# JRE version: Java(TM) SE Runtime Environment (23.0.1+11) (build 23.0.1+11-39)
# Java VM: Java HotSpot(TM) 64-Bit Server VM (23.0.1+11-39, mixed mode, sharing, tiered, compressed oops, compressed class ptrs, g1 gc, windows-amd64)
GC Precious Log:
 CardTable entry size: 512
 Card Set container configuration: InlinePtr #cards 4 size 8 Array Of Cards #cards 16 size 48 Howl #buckets 8 coarsen threshold 3686 Howl Bitmap #cards 512 size 80 coarsen threshold 460 Card regions per heap region 1 cards per card region 4096
 CPUs: 8 total, 8 available
 Memory: 7976M
 Large Page Support: Disabled
 NUMA Support: Disabled
 Compressed Oops: Enabled (Zero based)
 Heap Region Size: 2M
 Heap Min Capacity: 8M
 Heap Initial Capacity: 126M
 Heap Max Capacity: 4G
 Pre-touch: Disabled
 Parallel Workers: 8
 Concurrent Workers: 2
 Concurrent Refinement Workers: 8
 Periodic GC: Disabled
Heap:
 garbage-first heap   total reserved 4194304K, committed 397312K, used 245405K [0x0000000700000000, 0x0000000800000000)
  region size 2048K, 2 young (4096K), 2 survivors (4096K)
 Metaspace       used 100882K, committed 103680K, reserved 1179648K
  class space    used 14655K, committed 15872K, reserved 1048576K
GC Heap History (20 events):
Event: 72.483 GC heap after
{Heap after GC invocations=68 (full 0):
 garbage-first heap   total reserved 4194304K, committed 387072K, used 205728K [0x0000000700000000, 0x0000000800000000)
  region size 2048K, 4 young (8192K), 4 survivors (8192K)
 Metaspace       used 100038K, committed 102656K, reserved 1179648K
  class space    used 14546K, committed 15744K, reserved 1048576K
}
Event: 76.560 GC heap before
{Heap before GC invocations=69 (full 0):
 garbage-first heap   total reserved 4194304K, committed 387072K, used 330656K [0x0000000700000000, 0x0000000800000000)
  region size 2048K, 66 young (135168K), 4 survivors (8192K)
 Metaspace       used 100074K, committed 102720K, reserved 1179648K
  class space    used 14551K, committed 15744K, reserved 1048576K
}
Event: 76.589 GC heap after
{Heap after GC invocations=70 (full 0):
 garbage-first heap   total reserved 4194304K, committed 387072K, used 208790K [0x0000000700000000, 0x0000000800000000)
  region size 2048K, 6 young (12288K), 6 survivors (12288K)
 Metaspace       used 100074K, committed 102720K, reserved 1179648K
  class space    used 14551K, committed 15744K, reserved 1048576K
}
Event: 84.843 GC heap before
{Heap before GC invocations=70 (full 0):
 garbage-first heap   total reserved 4194304K, committed 387072K, used 327574K [0x0000000700000000, 0x0000000800000000)
  region size 2048K, 65 young (133120K), 6 survivors (12288K)
 Metaspace       used 100259K, committed 102848K, reserved 1179648K
  class space    used 14577K, committed 15744K, reserved 1048576K
}
Event: 84.959 GC heap after
{Heap after GC invocations=71 (full 0):
 garbage-first heap   total reserved 4194304K, committed 387072K, used 216360K [0x0000000700000000, 0x0000000800000000)
  region size 2048K, 9 young (18432K), 9 survivors (18432K)
 Metaspace       used 100259K, committed 102848K, reserved 1179648K
  class space    used 14577K, committed 15744K, reserved 1048576K
}
Event: 89.505 GC heap before
{Heap before GC invocations=71 (full 0):
 garbage-first heap   total reserved 4194304K, committed 387072K, used 335144K [0x0000000700000000, 0x0000000800000000)
  region size 2048K, 68 young (139264K), 9 survivors (18432K)
 Metaspace       used 100570K, committed 103232K, reserved 1179648K
  class space    used 14615K, committed 15808K, reserved 1048576K
}
Event: 89.639 GC heap after
{Heap after GC invocations=72 (full 0):
 garbage-first heap   total reserved 4194304K, committed 387072K, used 225924K [0x0000000700000000, 0x0000000800000000)
  region size 2048K, 6 young (12288K), 6 survivors (12288K)
 Metaspace       used 100570K, committed 103232K, reserved 1179648K
  class space    used 14615K, committed 15808K, reserved 1048576K
}
Event: 99.469 GC heap before
{Heap before GC invocations=72 (full 0):
 garbage-first heap   total reserved 4194304K, committed 387072K, used 340612K [0x0000000700000000, 0x0000000800000000)
  region size 2048K, 63 young (129024K), 6 survivors (12288K)
 Metaspace       used 100573K, committed 103232K, reserved 1179648K
  class space    used 14615K, committed 15808K, reserved 1048576K
}
Event: 99.923 GC heap after
{Heap after GC invocations=73 (full 0):
 garbage-first heap   total reserved 4194304K, committed 387072K, used 228810K [0x0000000700000000, 0x0000000800000000)
  region size 2048K, 4 young (8192K), 4 survivors (8192K)
 Metaspace       used 100573K, committed 103232K, reserved 1179648K
  class space    used 14615K, committed 15808K, reserved 1048576K
}
Event: 104.652 GC heap before
{Heap before GC invocations=74 (full 0):
 garbage-first heap   total reserved 4194304K, committed 387072K, used 253386K [0x0000000700000000, 0x0000000800000000)
  region size 2048K, 17 young (34816K), 4 survivors (8192K)
 Metaspace       used 100683K, committed 103360K, reserved 1179648K
  class space    used 14628K, committed 15808K, reserved 1048576K
}
Event: 104.961 GC heap after
{Heap after GC invocations=75 (full 0):
 garbage-first heap   total reserved 4194304K, committed 387072K, used 232263K [0x0000000700000000, 0x0000000800000000)
  region size 2048K, 3 young (6144K), 3 survivors (6144K)
 Metaspace       used 100683K, committed 103360K, reserved 1179648K
  class space    used 14628K, committed 15808K, reserved 1048576K
}
Event: 107.822 GC heap before
{Heap before GC invocations=75 (full 0):
 garbage-first heap   total reserved 4194304K, committed 387072K, used 348999K [0x0000000700000000, 0x0000000800000000)
  region size 2048K, 61 young (124928K), 3 survivors (6144K)
 Metaspace       used 100683K, committed 103360K, reserved 1179648K
  class space    used 14628K, committed 15808K, reserved 1048576K
}
Event: 107.933 GC heap after
{Heap after GC invocations=76 (full 0):
 garbage-first heap   total reserved 4194304K, committed 387072K, used 233295K [0x0000000700000000, 0x0000000800000000)
  region size 2048K, 5 young (10240K), 5 survivors (10240K)
 Metaspace       used 100683K, committed 103360K, reserved 1179648K
  class space    used 14628K, committed 15808K, reserved 1048576K
}
Event: 108.071 GC heap before
{Heap before GC invocations=76 (full 0):
 garbage-first heap   total reserved 4194304K, committed 387072K, used 239439K [0x0000000700000000, 0x0000000800000000)
  region size 2048K, 9 young (18432K), 5 survivors (10240K)
 Metaspace       used 100683K, committed 103360K, reserved 1179648K
  class space    used 14628K, committed 15808K, reserved 1048576K
}
Event: 108.086 GC heap after
{Heap after GC invocations=77 (full 0):
 garbage-first heap   total reserved 4194304K, committed 387072K, used 234993K [0x0000000700000000, 0x0000000800000000)
  region size 2048K, 2 young (4096K), 2 survivors (4096K)
 Metaspace       used 100683K, committed 103360K, reserved 1179648K
  class space    used 14628K, committed 15808K, reserved 1048576K
}
Event: 109.424 GC heap before
{Heap before GC invocations=78 (full 0):
 garbage-first heap   total reserved 4194304K, committed 397312K, used 280049K [0x0000000700000000, 0x0000000800000000)
  region size 2048K, 25 young (51200K), 2 survivors (4096K)
 Metaspace       used 100783K, committed 103488K, reserved 1179648K
  class space    used 14642K, committed 15872K, reserved 1048576K
}
Event: 109.432 GC heap after
{Heap after GC invocations=79 (full 0):
 garbage-first heap   total reserved 4194304K, committed 397312K, used 238518K [0x0000000700000000, 0x0000000800000000)
  region size 2048K, 4 young (8192K), 4 survivors (8192K)
 Metaspace       used 100783K, committed 103488K, reserved 1179648K
  class space    used 14642K, committed 15872K, reserved 1048576K
}
Event: 110.960 GC heap before
{Heap before GC invocations=79 (full 0):
 garbage-first heap   total reserved 4194304K, committed 397312K, used 345014K [0x0000000700000000, 0x0000000800000000)
  region size 2048K, 56 young (114688K), 4 survivors (8192K)
 Metaspace       used 100882K, committed 103680K, reserved 1179648K
  class space    used 14655K, committed 15872K, reserved 1048576K
}
Event: 110.994 GC heap after
{Heap after GC invocations=80 (full 0):
 garbage-first heap   total reserved 4194304K, committed 397312K, used 242087K [0x0000000700000000, 0x0000000800000000)
  region size 2048K, 6 young (12288K), 6 survivors (12288K)
 Metaspace       used 100882K, committed 103680K, reserved 1179648K
  class space    used 14655K, committed 15872K, reserved 1048576K
}
Event: 111.143 GC heap before
{Heap before GC invocations=80 (full 0):
 garbage-first heap   total reserved 4194304K, committed 397312K, used 244135K [0x0000000700000000, 0x0000000800000000)
  region size 2048K, 8 young (16384K), 6 survivors (12288K)
 Metaspace       used 100882K, committed 103680K, reserved 1179648K
  class space    used 14655K, committed 15872K, reserved 1048576K
}

